17:54:34 (256532) INFO ConfigReader Using stryker.conf.json
17:54:34 (256532) DEBUG BroadcastReporter Broadcasting to reporters ["progress","clear-text","html"]
17:54:34 (256532) DEBUG ConfigReader Loading config /home/thiago/Trybe/Projetos/Front-end/testes-em-react/sd-019-a-project-react-testing-library/stryker.conf.json
17:54:34 (256532) DEBUG ConfigReader Loaded config: {
  "$schema": "./node_modules/@stryker-mutator/core/schema/stryker-schema.json",
  "mutate": [
    "src/components/About.js",
    "src/App.js",
    "src/components/FavoritePokemons.js",
    "src/components/NotFound.js",
    "src/components/Pokedex.js",
    "src/components/Pokemon.js",
    "src/components/PokemonDetails.js"
  ],
  "mutator": {
    "name": "javascript",
    "excludedMutations": [
      "ArithmeticOperator",
      "ArrayDeclaration",
      "ArrowFunction",
      "BlockStatement",
      "BooleanLiteral",
      "ConditionalExpression",
      "EqualityOperator",
      "LogicalOperator",
      "ObjectLiteral",
      "UnaryOperator",
      "UpdateOperator"
    ]
  },
  "testRunner": "jest",
  "reporters": [
    "progress",
    "clear-text",
    "html"
  ],
  "coverageAnalysis": "off",
  "jest": {
    "projectType": "create-react-app"
  },
  "allowConsoleColors": true,
  "commandRunner": {
    "command": "npm test"
  },
  "clearTextReporter": {
    "allowColor": true,
    "logTests": true,
    "maxTestsToLog": 3
  },
  "dashboard": {
    "baseUrl": "https://dashboard.stryker-mutator.io/api/reports",
    "reportType": "full"
  },
  "eventReporter": {
    "baseDir": "reports/mutation/events"
  },
  "fileLogLevel": "trace",
  "logLevel": "debug",
  "maxConcurrentTestRunners": 9007199254740991,
  "plugins": [
    "@stryker-mutator/*"
  ],
  "symlinkNodeModules": true,
  "tempDirName": ".stryker-tmp",
  "thresholds": {
    "high": 80,
    "low": 60,
    "break": null
  },
  "timeoutFactor": 1.5,
  "timeoutMS": 5000,
  "transpilers": [],
  "warnings": true,
  "configFile": "/home/thiago/Trybe/Projetos/Front-end/testes-em-react/sd-019-a-project-react-testing-library/stryker.conf.json"
}
17:54:34 (256532) DEBUG PluginLoader Loading @stryker-mutator/* from /home/thiago/Trybe/Projetos/Front-end/testes-em-react/sd-019-a-project-react-testing-library/node_modules/@stryker-mutator
17:54:34 (256532) DEBUG PluginLoader Loading plugin "/home/thiago/Trybe/Projetos/Front-end/testes-em-react/sd-019-a-project-react-testing-library/node_modules/@stryker-mutator/javascript-mutator" (matched with expression @stryker-mutator/*)
17:54:34 (256532) DEBUG PluginLoader Loading plugin "/home/thiago/Trybe/Projetos/Front-end/testes-em-react/sd-019-a-project-react-testing-library/node_modules/@stryker-mutator/jest-runner" (matched with expression @stryker-mutator/*)
17:54:34 (256532) DEBUG PluginLoader Loading plugins /home/thiago/Trybe/Projetos/Front-end/testes-em-react/sd-019-a-project-react-testing-library/node_modules/@stryker-mutator/javascript-mutator
17:54:34 (256532) DEBUG PluginLoader Loading plugins /home/thiago/Trybe/Projetos/Front-end/testes-em-react/sd-019-a-project-react-testing-library/node_modules/@stryker-mutator/jest-runner
17:54:34 (256532) DEBUG PluginLoader Loading plugins /home/thiago/Trybe/Projetos/Front-end/testes-em-react/sd-019-a-project-react-testing-library/node_modules/@stryker-mutator/core/src/reporters/index.js
17:54:34 (256532) DEBUG buildSchemaWithPluginContributions Contributing 1 schemas from plugins to options validation.
17:54:34 (256532) INFO InputFileResolver Found 7 of 65 file(s) to be mutated.
17:54:34 (256532) DEBUG InputFileResolver All input files: [
  "/home/thiago/Trybe/Projetos/Front-end/testes-em-react/sd-019-a-project-react-testing-library/stryker.log",
  "/home/thiago/Trybe/Projetos/Front-end/testes-em-react/sd-019-a-project-react-testing-library/.babelrc.json",
  "/home/thiago/Trybe/Projetos/Front-end/testes-em-react/sd-019-a-project-react-testing-library/.eslintignore",
  "/home/thiago/Trybe/Projetos/Front-end/testes-em-react/sd-019-a-project-react-testing-library/.eslintrc.json",
  "/home/thiago/Trybe/Projetos/Front-end/testes-em-react/sd-019-a-project-react-testing-library/.github/CODEOWNERS",
  "/home/thiago/Trybe/Projetos/Front-end/testes-em-react/sd-019-a-project-react-testing-library/.github/workflows/main.yml",
  "/home/thiago/Trybe/Projetos/Front-end/testes-em-react/sd-019-a-project-react-testing-library/.gitignore",
  "/home/thiago/Trybe/Projetos/Front-end/testes-em-react/sd-019-a-project-react-testing-library/.npmrc",
  "/home/thiago/Trybe/Projetos/Front-end/testes-em-react/sd-019-a-project-react-testing-library/.stylelintignore",
  "/home/thiago/Trybe/Projetos/Front-end/testes-em-react/sd-019-a-project-react-testing-library/.stylelintrc.json",
  "/home/thiago/Trybe/Projetos/Front-end/testes-em-react/sd-019-a-project-react-testing-library/.trybe/requirements.json",
  "/home/thiago/Trybe/Projetos/Front-end/testes-em-react/sd-019-a-project-react-testing-library/README.md",
  "/home/thiago/Trybe/Projetos/Front-end/testes-em-react/sd-019-a-project-react-testing-library/package-lock.json",
  "/home/thiago/Trybe/Projetos/Front-end/testes-em-react/sd-019-a-project-react-testing-library/package.json",
  "/home/thiago/Trybe/Projetos/Front-end/testes-em-react/sd-019-a-project-react-testing-library/public/favicon.ico",
  "/home/thiago/Trybe/Projetos/Front-end/testes-em-react/sd-019-a-project-react-testing-library/public/index.html",
  "/home/thiago/Trybe/Projetos/Front-end/testes-em-react/sd-019-a-project-react-testing-library/public/logo192.png",
  "/home/thiago/Trybe/Projetos/Front-end/testes-em-react/sd-019-a-project-react-testing-library/public/logo512.png",
  "/home/thiago/Trybe/Projetos/Front-end/testes-em-react/sd-019-a-project-react-testing-library/public/manifest.json",
  "/home/thiago/Trybe/Projetos/Front-end/testes-em-react/sd-019-a-project-react-testing-library/public/robots.txt",
  "/home/thiago/Trybe/Projetos/Front-end/testes-em-react/sd-019-a-project-react-testing-library/public/star-icon.svg",
  "/home/thiago/Trybe/Projetos/Front-end/testes-em-react/sd-019-a-project-react-testing-library/src/App.css",
  "/home/thiago/Trybe/Projetos/Front-end/testes-em-react/sd-019-a-project-react-testing-library/src/App.js",
  "/home/thiago/Trybe/Projetos/Front-end/testes-em-react/sd-019-a-project-react-testing-library/src/components/About.js",
  "/home/thiago/Trybe/Projetos/Front-end/testes-em-react/sd-019-a-project-react-testing-library/src/components/Button.js",
  "/home/thiago/Trybe/Projetos/Front-end/testes-em-react/sd-019-a-project-react-testing-library/src/components/FavoritePokemons.js",
  "/home/thiago/Trybe/Projetos/Front-end/testes-em-react/sd-019-a-project-react-testing-library/src/components/NotFound.js",
  "/home/thiago/Trybe/Projetos/Front-end/testes-em-react/sd-019-a-project-react-testing-library/src/components/Pokedex.js",
  "/home/thiago/Trybe/Projetos/Front-end/testes-em-react/sd-019-a-project-react-testing-library/src/components/Pokemon.js",
  "/home/thiago/Trybe/Projetos/Front-end/testes-em-react/sd-019-a-project-react-testing-library/src/components/PokemonDetails.js",
  "/home/thiago/Trybe/Projetos/Front-end/testes-em-react/sd-019-a-project-react-testing-library/src/components/about.css",
  "/home/thiago/Trybe/Projetos/Front-end/testes-em-react/sd-019-a-project-react-testing-library/src/components/button.css",
  "/home/thiago/Trybe/Projetos/Front-end/testes-em-react/sd-019-a-project-react-testing-library/src/components/favorite-pokemons.css",
  "/home/thiago/Trybe/Projetos/Front-end/testes-em-react/sd-019-a-project-react-testing-library/src/components/index.js",
  "/home/thiago/Trybe/Projetos/Front-end/testes-em-react/sd-019-a-project-react-testing-library/src/components/not-found.css",
  "/home/thiago/Trybe/Projetos/Front-end/testes-em-react/sd-019-a-project-react-testing-library/src/components/pokedex.css",
  "/home/thiago/Trybe/Projetos/Front-end/testes-em-react/sd-019-a-project-react-testing-library/src/components/pokemon-details.css",
  "/home/thiago/Trybe/Projetos/Front-end/testes-em-react/sd-019-a-project-react-testing-library/src/components/pokemon.css",
  "/home/thiago/Trybe/Projetos/Front-end/testes-em-react/sd-019-a-project-react-testing-library/src/data.js",
  "/home/thiago/Trybe/Projetos/Front-end/testes-em-react/sd-019-a-project-react-testing-library/src/index.css",
  "/home/thiago/Trybe/Projetos/Front-end/testes-em-react/sd-019-a-project-react-testing-library/src/index.js",
  "/home/thiago/Trybe/Projetos/Front-end/testes-em-react/sd-019-a-project-react-testing-library/src/logo.svg",
  "/home/thiago/Trybe/Projetos/Front-end/testes-em-react/sd-019-a-project-react-testing-library/src/serviceWorker.js",
  "/home/thiago/Trybe/Projetos/Front-end/testes-em-react/sd-019-a-project-react-testing-library/src/services/pokedexService.js",
  "/home/thiago/Trybe/Projetos/Front-end/testes-em-react/sd-019-a-project-react-testing-library/src/setupTests.js",
  "/home/thiago/Trybe/Projetos/Front-end/testes-em-react/sd-019-a-project-react-testing-library/src/tests/About.test.js",
  "/home/thiago/Trybe/Projetos/Front-end/testes-em-react/sd-019-a-project-react-testing-library/src/tests/App.test.js",
  "/home/thiago/Trybe/Projetos/Front-end/testes-em-react/sd-019-a-project-react-testing-library/src/tests/FavoritePokemons.test.js",
  "/home/thiago/Trybe/Projetos/Front-end/testes-em-react/sd-019-a-project-react-testing-library/src/tests/NotFound.test.js",
  "/home/thiago/Trybe/Projetos/Front-end/testes-em-react/sd-019-a-project-react-testing-library/src/tests/Pokedex.test.js",
  "/home/thiago/Trybe/Projetos/Front-end/testes-em-react/sd-019-a-project-react-testing-library/src/tests/Pokemon.test.js",
  "/home/thiago/Trybe/Projetos/Front-end/testes-em-react/sd-019-a-project-react-testing-library/src/tests/PokemonDetails.test.js",
  "/home/thiago/Trybe/Projetos/Front-end/testes-em-react/sd-019-a-project-react-testing-library/src/tests/renderWithRouter.js",
  "/home/thiago/Trybe/Projetos/Front-end/testes-em-react/sd-019-a-project-react-testing-library/src/types/index.js",
  "/home/thiago/Trybe/Projetos/Front-end/testes-em-react/sd-019-a-project-react-testing-library/stryker.conf.json",
  "/home/thiago/Trybe/Projetos/Front-end/testes-em-react/sd-019-a-project-react-testing-library/stryker/About.conf.json",
  "/home/thiago/Trybe/Projetos/Front-end/testes-em-react/sd-019-a-project-react-testing-library/stryker/App.conf.json",
  "/home/thiago/Trybe/Projetos/Front-end/testes-em-react/sd-019-a-project-react-testing-library/stryker/FavoritePokemons.conf.json",
  "/home/thiago/Trybe/Projetos/Front-end/testes-em-react/sd-019-a-project-react-testing-library/stryker/NotFound.conf.json",
  "/home/thiago/Trybe/Projetos/Front-end/testes-em-react/sd-019-a-project-react-testing-library/stryker/Pokedex.conf.json",
  "/home/thiago/Trybe/Projetos/Front-end/testes-em-react/sd-019-a-project-react-testing-library/stryker/Pokemon.conf.json",
  "/home/thiago/Trybe/Projetos/Front-end/testes-em-react/sd-019-a-project-react-testing-library/stryker/PokemonDetails.conf.json",
  "/home/thiago/Trybe/Projetos/Front-end/testes-em-react/sd-019-a-project-react-testing-library/testefalhando.png",
  "/home/thiago/Trybe/Projetos/Front-end/testes-em-react/sd-019-a-project-react-testing-library/testepassando.png",
  "/home/thiago/Trybe/Projetos/Front-end/testes-em-react/sd-019-a-project-react-testing-library/trybe.yml"
]
17:54:34 (256532) DEBUG InputFileResolver Files to mutate: [
  "/home/thiago/Trybe/Projetos/Front-end/testes-em-react/sd-019-a-project-react-testing-library/src/App.js",
  "/home/thiago/Trybe/Projetos/Front-end/testes-em-react/sd-019-a-project-react-testing-library/src/components/About.js",
  "/home/thiago/Trybe/Projetos/Front-end/testes-em-react/sd-019-a-project-react-testing-library/src/components/FavoritePokemons.js",
  "/home/thiago/Trybe/Projetos/Front-end/testes-em-react/sd-019-a-project-react-testing-library/src/components/NotFound.js",
  "/home/thiago/Trybe/Projetos/Front-end/testes-em-react/sd-019-a-project-react-testing-library/src/components/Pokedex.js",
  "/home/thiago/Trybe/Projetos/Front-end/testes-em-react/sd-019-a-project-react-testing-library/src/components/Pokemon.js",
  "/home/thiago/Trybe/Projetos/Front-end/testes-em-react/sd-019-a-project-react-testing-library/src/components/PokemonDetails.js"
]
17:54:34 (256532) DEBUG TemporaryDirectory Using temp directory "/home/thiago/Trybe/Projetos/Front-end/testes-em-react/sd-019-a-project-react-testing-library/.stryker-tmp"
17:54:34 (256532) DEBUG TestFrameworkOrchestrator The `coverageAnalysis` setting is "off", not hooking into the test framework to achieve performance benefits.
17:54:34 (256532) INFO InitialTestExecutor Starting initial test run. This may take a while.
17:54:34 (256532) DEBUG Sandbox Creating a sandbox for files in /home/thiago/Trybe/Projetos/Front-end/testes-em-react/sd-019-a-project-react-testing-library/.stryker-tmp/sandbox4831413
17:54:34 (256532) DEBUG Sandbox Creating test runner 0
17:54:34 (256532) DEBUG ChildProcessProxy Starting /home/thiago/Trybe/Projetos/Front-end/testes-em-react/sd-019-a-project-react-testing-library/node_modules/@stryker-mutator/core/src/test-runner/ChildProcessTestRunnerWorker.js in child process 256545
17:54:34 (256545) DEBUG ChildProcessProxyWorker Changing current working directory for this process to /home/thiago/Trybe/Projetos/Front-end/testes-em-react/sd-019-a-project-react-testing-library/.stryker-tmp/sandbox4831413
17:54:34 (256545) DEBUG PluginLoader Loading @stryker-mutator/* from /home/thiago/Trybe/Projetos/Front-end/testes-em-react/sd-019-a-project-react-testing-library/node_modules/@stryker-mutator
17:54:34 (256545) DEBUG PluginLoader Loading plugin "/home/thiago/Trybe/Projetos/Front-end/testes-em-react/sd-019-a-project-react-testing-library/node_modules/@stryker-mutator/javascript-mutator" (matched with expression @stryker-mutator/*)
17:54:34 (256545) DEBUG PluginLoader Loading plugin "/home/thiago/Trybe/Projetos/Front-end/testes-em-react/sd-019-a-project-react-testing-library/node_modules/@stryker-mutator/jest-runner" (matched with expression @stryker-mutator/*)
17:54:34 (256545) DEBUG PluginLoader Loading plugins /home/thiago/Trybe/Projetos/Front-end/testes-em-react/sd-019-a-project-react-testing-library/node_modules/@stryker-mutator/javascript-mutator
17:54:34 (256545) DEBUG PluginLoader Loading plugins /home/thiago/Trybe/Projetos/Front-end/testes-em-react/sd-019-a-project-react-testing-library/node_modules/@stryker-mutator/jest-runner
17:54:34 (256545) DEBUG PluginLoader Loading plugins /home/thiago/Trybe/Projetos/Front-end/testes-em-react/sd-019-a-project-react-testing-library/node_modules/@stryker-mutator/core/src/reporters/index.js
17:54:34 (256545) TRACE JestTestRunner Merging file-based config {
  "roots": [
    "<rootDir>/src"
  ],
  "collectCoverageFrom": [
    "**/*.{js,jsx}",
    "!src/index.js",
    "!src/serviceWorker.js"
  ],
  "setupFiles": [
    "/home/thiago/Trybe/Projetos/Front-end/testes-em-react/sd-019-a-project-react-testing-library/node_modules/react-app-polyfill/jsdom.js"
  ],
  "setupFilesAfterEnv": [
    "<rootDir>/src/setupTests.js"
  ],
  "testMatch": [
    "<rootDir>/src/**/__tests__/**/*.{js,jsx,ts,tsx}",
    "<rootDir>/src/**/*.{spec,test}.{js,jsx,ts,tsx}"
  ],
  "testEnvironment": "jsdom",
  "transform": {
    "^.+\\.(js|jsx|mjs|cjs|ts|tsx)$": "/home/thiago/Trybe/Projetos/Front-end/testes-em-react/sd-019-a-project-react-testing-library/node_modules/react-scripts/config/jest/babelTransform.js",
    "^.+\\.css$": "/home/thiago/Trybe/Projetos/Front-end/testes-em-react/sd-019-a-project-react-testing-library/node_modules/react-scripts/config/jest/cssTransform.js",
    "^(?!.*\\.(js|jsx|mjs|cjs|ts|tsx|css|json)$)": "/home/thiago/Trybe/Projetos/Front-end/testes-em-react/sd-019-a-project-react-testing-library/node_modules/react-scripts/config/jest/fileTransform.js"
  },
  "transformIgnorePatterns": [
    "[/\\\\]node_modules[/\\\\].+\\.(js|jsx|mjs|cjs|ts|tsx)$",
    "^.+\\.module\\.(css|sass|scss)$"
  ],
  "modulePaths": [],
  "moduleNameMapper": {
    "^react-native$": "react-native-web",
    "^.+\\.module\\.(css|sass|scss)$": "identity-obj-proxy"
  },
  "moduleFileExtensions": [
    "web.js",
    "js",
    "web.ts",
    "ts",
    "web.tsx",
    "tsx",
    "json",
    "web.jsx",
    "jsx",
    "node"
  ],
  "watchPlugins": [
    "jest-watch-typeahead/filename",
    "jest-watch-typeahead/testname"
  ],
  "resetMocks": true,
  "rootDir": "/home/thiago/Trybe/Projetos/Front-end/testes-em-react/sd-019-a-project-react-testing-library/.stryker-tmp/sandbox4831413"
} 
      with custom config {}
      and default (internal) stryker config [object Object]
17:54:34 (256545) DEBUG JestTestRunner Running jest with --findRelatedTests flag. Set jest.enableFindRelatedTests to false to run all tests on every mutant.
17:54:34 (256545) DEBUG JestTestRunner Project root is /home/thiago/Trybe/Projetos/Front-end/testes-em-react/sd-019-a-project-react-testing-library/.stryker-tmp/sandbox4831413
17:54:34 (256532) DEBUG TimeoutDecorator Starting timeout timer (300000 ms) for a test run
17:54:34 (256545) TRACE JestGreaterThan25Adapter Invoking Jest with config {"roots":["<rootDir>/src"],"collectCoverageFrom":["**/*.{js,jsx}","!src/index.js","!src/serviceWorker.js"],"setupFiles":["/home/thiago/Trybe/Projetos/Front-end/testes-em-react/sd-019-a-project-react-testing-library/node_modules/react-app-polyfill/jsdom.js"],"setupFilesAfterEnv":["<rootDir>/src/setupTests.js"],"testMatch":["<rootDir>/src/**/__tests__/**/*.{js,jsx,ts,tsx}","<rootDir>/src/**/*.{spec,test}.{js,jsx,ts,tsx}"],"testEnvironment":"jsdom","transform":{"^.+\\.(js|jsx|mjs|cjs|ts|tsx)$":"/home/thiago/Trybe/Projetos/Front-end/testes-em-react/sd-019-a-project-react-testing-library/node_modules/react-scripts/config/jest/babelTransform.js","^.+\\.css$":"/home/thiago/Trybe/Projetos/Front-end/testes-em-react/sd-019-a-project-react-testing-library/node_modules/react-scripts/config/jest/cssTransform.js","^(?!.*\\.(js|jsx|mjs|cjs|ts|tsx|css|json)$)":"/home/thiago/Trybe/Projetos/Front-end/testes-em-react/sd-019-a-project-react-testing-library/node_modules/react-scripts/config/jest/fileTransform.js"},"transformIgnorePatterns":["[/\\\\]node_modules[/\\\\].+\\.(js|jsx|mjs|cjs|ts|tsx)$","^.+\\.module\\.(css|sass|scss)$"],"modulePaths":[],"moduleNameMapper":{"^react-native$":"react-native-web","^.+\\.module\\.(css|sass|scss)$":"identity-obj-proxy"},"moduleFileExtensions":["web.js","js","web.ts","ts","web.tsx","tsx","json","web.jsx","jsx","node"],"watchPlugins":["jest-watch-typeahead/filename","jest-watch-typeahead/testname"],"resetMocks":true,"rootDir":"/home/thiago/Trybe/Projetos/Front-end/testes-em-react/sd-019-a-project-react-testing-library/.stryker-tmp/sandbox4831413","collectCoverage":false,"verbose":false,"bail":false,"notify":false,"reporters":[]}
17:54:37 (256532) DEBUG ChildProcessProxy Disposing of worker process 256545
17:54:37 (256532) DEBUG ChildProcessProxy Kill 256545
17:54:37 (256532) ERROR InitialTestExecutor One or more tests failed in the initial test run:
	2. Teste o componente <About.js />. Teste se a página contém as informações sobre a Pokédex.
		TestingLibraryElementError: Unable to find an element with the text: One can filter Pokémons by type, and see more details for each one of them. This could be because the text is broken up by multiple elements. In this case, you can provide a function for your text matcher to make your matcher more flexible.

[36m<body />[39m
    at Object.getElementError (/home/thiago/Trybe/Projetos/Front-end/testes-em-react/sd-019-a-project-react-testing-library/node_modules/@testing-library/react/node_modules/@testing-library/dom/dist/config.js:37:19)
    at /home/thiago/Trybe/Projetos/Front-end/testes-em-react/sd-019-a-project-react-testing-library/node_modules/@testing-library/react/node_modules/@testing-library/dom/dist/query-helpers.js:90:38
    at getAllByText (/home/thiago/Trybe/Projetos/Front-end/testes-em-react/sd-019-a-project-react-testing-library/node_modules/@testing-library/react/node_modules/@testing-library/dom/dist/query-helpers.js:130:15)
    at Object.<anonymous> (/home/thiago/Trybe/Projetos/Front-end/testes-em-react/sd-019-a-project-react-testing-library/.stryker-tmp/sandbox4831413/src/tests/About.test.js:9:27)
    at Promise.then.completed (/home/thiago/Trybe/Projetos/Front-end/testes-em-react/sd-019-a-project-react-testing-library/node_modules/jest-circus/build/utils.js:391:28)
    at new Promise (<anonymous>)
    at callAsyncCircusFn (/home/thiago/Trybe/Projetos/Front-end/testes-em-react/sd-019-a-project-react-testing-library/node_modules/jest-circus/build/utils.js:316:10)
    at _callCircusTest (/home/thiago/Trybe/Projetos/Front-end/testes-em-react/sd-019-a-project-react-testing-library/node_modules/jest-circus/build/run.js:218:40)
    at _runTest (/home/thiago/Trybe/Projetos/Front-end/testes-em-react/sd-019-a-project-react-testing-library/node_modules/jest-circus/build/run.js:155:3)
    at _runTestsForDescribeBlock (/home/thiago/Trybe/Projetos/Front-end/testes-em-react/sd-019-a-project-react-testing-library/node_modules/jest-circus/build/run.js:66:9)
    at _runTestsForDescribeBlock (/home/thiago/Trybe/Projetos/Front-end/testes-em-react/sd-019-a-project-react-testing-library/node_modules/jest-circus/build/run.js:60:9)
    at run (/home/thiago/Trybe/Projetos/Front-end/testes-em-react/sd-019-a-project-react-testing-library/node_modules/jest-circus/build/run.js:25:3)
    at runAndTransformResultsToJestFormat (/home/thiago/Trybe/Projetos/Front-end/testes-em-react/sd-019-a-project-react-testing-library/node_modules/jest-circus/build/legacy-code-todo-rewrite/jestAdapterInit.js:170:21)
    at jestAdapter (/home/thiago/Trybe/Projetos/Front-end/testes-em-react/sd-019-a-project-react-testing-library/node_modules/jest-circus/build/legacy-code-todo-rewrite/jestAdapter.js:82:19)
    at runTestInternal (/home/thiago/Trybe/Projetos/Front-end/testes-em-react/sd-019-a-project-react-testing-library/node_modules/jest-runner/build/runTest.js:389:16)
    at runTest (/home/thiago/Trybe/Projetos/Front-end/testes-em-react/sd-019-a-project-react-testing-library/node_modules/jest-runner/build/runTest.js:475:34)
17:54:37 (256532) ERROR StrykerCli an error occurred Error: There were failed tests in the initial test run.
    at InitialTestExecutor.validateResult (/home/thiago/Trybe/Projetos/Front-end/testes-em-react/sd-019-a-project-react-testing-library/node_modules/@stryker-mutator/core/src/process/InitialTestExecutor.js:69:27)
    at InitialTestExecutor.run (/home/thiago/Trybe/Projetos/Front-end/testes-em-react/sd-019-a-project-react-testing-library/node_modules/@stryker-mutator/core/src/process/InitialTestExecutor.js:41:14)
    at async Stryker.runMutationTest (/home/thiago/Trybe/Projetos/Front-end/testes-em-react/sd-019-a-project-react-testing-library/node_modules/@stryker-mutator/core/src/Stryker.js:53:38)
